[0.011s] Invoking command in '/home/wayne/workspace/woosh_robot_demo/build/woosh_robot_demo': CMAKE_PREFIX_PATH=${CMAKE_PREFIX_PATH}:/opt/ros/jazzy /usr/bin/cmake /home/wayne/workspace/woosh_robot_demo -DCMAKE_INSTALL_PREFIX=/home/wayne/workspace/woosh_robot_demo/install/woosh_robot_demo
[0.137s] -- The C compiler identification is GNU 13.3.0
[0.409s] -- The CXX compiler identification is GNU 13.3.0
[0.602s] -- Detecting C compiler ABI info
[0.698s] -- Detecting C compiler ABI info - done
[0.703s] -- Check for working C compiler: /usr/bin/cc - skipped
[0.704s] -- Detecting C compile features
[0.704s] -- Detecting C compile features - done
[0.735s] -- Detecting CXX compiler ABI info
[0.832s] -- Detecting CXX compiler ABI info - done
[0.837s] -- Check for working CXX compiler: /usr/bin/c++ - skipped
[0.838s] -- Detecting CXX compile features
[0.838s] -- Detecting CXX compile features - done
[0.843s] -- Found ament_cmake: 2.5.3 (/opt/ros/jazzy/share/ament_cmake/cmake)
[0.922s] -- Found Python3: /usr/bin/python3 (found version "3.12.3") found components: Interpreter 
[0.996s] -- Found rclcpp: 28.1.6 (/opt/ros/jazzy/share/rclcpp/cmake)
[1.078s] -- Found rosidl_generator_c: 4.6.5 (/opt/ros/jazzy/share/rosidl_generator_c/cmake)
[1.085s] -- Found rosidl_generator_cpp: 4.6.5 (/opt/ros/jazzy/share/rosidl_generator_cpp/cmake)
[1.095s] -- Using all available rosidl_typesupport_c: rosidl_typesupport_fastrtps_c;rosidl_typesupport_introspection_c
[1.105s] -- Using all available rosidl_typesupport_cpp: rosidl_typesupport_fastrtps_cpp;rosidl_typesupport_introspection_cpp
[1.159s] -- Found rmw_implementation_cmake: 7.3.1 (/opt/ros/jazzy/share/rmw_implementation_cmake/cmake)
[1.160s] -- Found rmw_cyclonedds_cpp: 2.2.2 (/opt/ros/jazzy/share/rmw_cyclonedds_cpp/cmake)
[1.212s] -- Using RMW implementation 'rmw_cyclonedds_cpp' as default
[1.256s] -- Found rclcpp_action: 28.1.6 (/opt/ros/jazzy/share/rclcpp_action/cmake)
[1.293s] -- Found woosh_robot_msgs: 0.0.1 (/opt/ros/jazzy/share/woosh_robot_msgs/cmake)
[1.421s] -- Found woosh_ros_msgs: 0.0.1 (/opt/ros/jazzy/share/woosh_ros_msgs/cmake)
[1.439s] -- Found std_msgs: 5.3.5 (/opt/ros/jazzy/share/std_msgs/cmake)
[1.513s] -- Configuring done (1.5s)
[1.538s] -- Generating done (0.0s)
[1.545s] -- Build files have been written to: /home/wayne/workspace/woosh_robot_demo/build/woosh_robot_demo
[1.552s] Invoked command in '/home/wayne/workspace/woosh_robot_demo/build/woosh_robot_demo' returned '0': CMAKE_PREFIX_PATH=${CMAKE_PREFIX_PATH}:/opt/ros/jazzy /usr/bin/cmake /home/wayne/workspace/woosh_robot_demo -DCMAKE_INSTALL_PREFIX=/home/wayne/workspace/woosh_robot_demo/install/woosh_robot_demo
[1.553s] Invoking command in '/home/wayne/workspace/woosh_robot_demo/build/woosh_robot_demo': CMAKE_PREFIX_PATH=${CMAKE_PREFIX_PATH}:/opt/ros/jazzy /usr/bin/cmake --build /home/wayne/workspace/woosh_robot_demo/build/woosh_robot_demo -- -j24 -l24
[1.578s] [ 14%] [32mBuilding CXX object CMakeFiles/exec_pre_task.dir/src/exec_pre_task.cpp.o[0m
[1.578s] [ 14%] [32mBuilding CXX object CMakeFiles/stepctrl.dir/src/stepctrl.cpp.o[0m
[1.579s] [ 28%] [32mBuilding CXX object CMakeFiles/monitor.dir/src/monitor.cpp.o[0m
[1.579s] [ 28%] [32mBuilding CXX object CMakeFiles/exectask.dir/src/exectask.cpp.o[0m
[1.579s] [ 35%] [32mBuilding CXX object CMakeFiles/init_robot.dir/src/init_robot.cpp.o[0m
[1.579s] [ 42%] [32mBuilding CXX object CMakeFiles/goto_mark.dir/src/goto_mark.cpp.o[0m
[1.581s] [ 50%] [32mBuilding CXX object CMakeFiles/movebase_goal.dir/src/movebase_goal.cpp.o[0m
[4.120s] [ 57%] [32m[1mLinking CXX executable exec_pre_task[0m
[4.121s] [ 64%] [32m[1mLinking CXX executable init_robot[0m
[4.310s] [ 64%] Built target init_robot
[4.312s] [ 64%] Built target exec_pre_task
[4.405s] [ 71%] [32m[1mLinking CXX executable stepctrl[0m
[4.412s] [ 78%] [32m[1mLinking CXX executable movebase_goal[0m
[4.504s] [ 85%] [32m[1mLinking CXX executable exectask[0m
[4.545s] [ 85%] Built target stepctrl
[4.545s] [ 85%] Built target movebase_goal
[4.647s] [ 85%] Built target exectask
[7.892s] [ 92%] [32m[1mLinking CXX executable goto_mark[0m
[8.141s] [ 92%] Built target goto_mark
[15.501s] [100%] [32m[1mLinking CXX executable monitor[0m
[16.014s] [100%] Built target monitor
[16.019s] Invoked command in '/home/wayne/workspace/woosh_robot_demo/build/woosh_robot_demo' returned '0': CMAKE_PREFIX_PATH=${CMAKE_PREFIX_PATH}:/opt/ros/jazzy /usr/bin/cmake --build /home/wayne/workspace/woosh_robot_demo/build/woosh_robot_demo -- -j24 -l24
[16.024s] Invoking command in '/home/wayne/workspace/woosh_robot_demo/build/woosh_robot_demo': CMAKE_PREFIX_PATH=${CMAKE_PREFIX_PATH}:/opt/ros/jazzy /usr/bin/cmake --install /home/wayne/workspace/woosh_robot_demo/build/woosh_robot_demo
[16.027s] -- Install configuration: ""
[16.027s] -- Installing: /home/wayne/workspace/woosh_robot_demo/install/woosh_robot_demo/lib/woosh_robot_demo/monitor
[16.037s] -- Set non-toolchain portion of runtime path of "/home/wayne/workspace/woosh_robot_demo/install/woosh_robot_demo/lib/woosh_robot_demo/monitor" to ""
[16.037s] -- Installing: /home/wayne/workspace/woosh_robot_demo/install/woosh_robot_demo/lib/woosh_robot_demo/exectask
[16.038s] -- Set non-toolchain portion of runtime path of "/home/wayne/workspace/woosh_robot_demo/install/woosh_robot_demo/lib/woosh_robot_demo/exectask" to ""
[16.038s] -- Installing: /home/wayne/workspace/woosh_robot_demo/install/woosh_robot_demo/lib/woosh_robot_demo/stepctrl
[16.038s] -- Set non-toolchain portion of runtime path of "/home/wayne/workspace/woosh_robot_demo/install/woosh_robot_demo/lib/woosh_robot_demo/stepctrl" to ""
[16.039s] -- Installing: /home/wayne/workspace/woosh_robot_demo/install/woosh_robot_demo/lib/woosh_robot_demo/exec_pre_task
[16.039s] -- Set non-toolchain portion of runtime path of "/home/wayne/workspace/woosh_robot_demo/install/woosh_robot_demo/lib/woosh_robot_demo/exec_pre_task" to ""
[16.039s] -- Installing: /home/wayne/workspace/woosh_robot_demo/install/woosh_robot_demo/lib/woosh_robot_demo/init_robot
[16.040s] -- Set non-toolchain portion of runtime path of "/home/wayne/workspace/woosh_robot_demo/install/woosh_robot_demo/lib/woosh_robot_demo/init_robot" to ""
[16.040s] -- Installing: /home/wayne/workspace/woosh_robot_demo/install/woosh_robot_demo/lib/woosh_robot_demo/goto_mark
[16.043s] -- Set non-toolchain portion of runtime path of "/home/wayne/workspace/woosh_robot_demo/install/woosh_robot_demo/lib/woosh_robot_demo/goto_mark" to ""
[16.043s] -- Installing: /home/wayne/workspace/woosh_robot_demo/install/woosh_robot_demo/lib/woosh_robot_demo/movebase_goal
[16.043s] -- Set non-toolchain portion of runtime path of "/home/wayne/workspace/woosh_robot_demo/install/woosh_robot_demo/lib/woosh_robot_demo/movebase_goal" to ""
[16.044s] -- Installing: /home/wayne/workspace/woosh_robot_demo/install/woosh_robot_demo/share/ament_index/resource_index/package_run_dependencies/woosh_robot_demo
[16.044s] -- Installing: /home/wayne/workspace/woosh_robot_demo/install/woosh_robot_demo/share/ament_index/resource_index/parent_prefix_path/woosh_robot_demo
[16.044s] -- Installing: /home/wayne/workspace/woosh_robot_demo/install/woosh_robot_demo/share/woosh_robot_demo/environment/ament_prefix_path.sh
[16.044s] -- Installing: /home/wayne/workspace/woosh_robot_demo/install/woosh_robot_demo/share/woosh_robot_demo/environment/ament_prefix_path.dsv
[16.044s] -- Installing: /home/wayne/workspace/woosh_robot_demo/install/woosh_robot_demo/share/woosh_robot_demo/environment/path.sh
[16.044s] -- Installing: /home/wayne/workspace/woosh_robot_demo/install/woosh_robot_demo/share/woosh_robot_demo/environment/path.dsv
[16.044s] -- Installing: /home/wayne/workspace/woosh_robot_demo/install/woosh_robot_demo/share/woosh_robot_demo/local_setup.bash
[16.044s] -- Installing: /home/wayne/workspace/woosh_robot_demo/install/woosh_robot_demo/share/woosh_robot_demo/local_setup.sh
[16.045s] -- Installing: /home/wayne/workspace/woosh_robot_demo/install/woosh_robot_demo/share/woosh_robot_demo/local_setup.zsh
[16.045s] -- Installing: /home/wayne/workspace/woosh_robot_demo/install/woosh_robot_demo/share/woosh_robot_demo/local_setup.dsv
[16.045s] -- Installing: /home/wayne/workspace/woosh_robot_demo/install/woosh_robot_demo/share/woosh_robot_demo/package.dsv
[16.045s] -- Installing: /home/wayne/workspace/woosh_robot_demo/install/woosh_robot_demo/share/ament_index/resource_index/packages/woosh_robot_demo
[16.045s] -- Installing: /home/wayne/workspace/woosh_robot_demo/install/woosh_robot_demo/share/woosh_robot_demo/cmake/woosh_robot_demoConfig.cmake
[16.045s] -- Installing: /home/wayne/workspace/woosh_robot_demo/install/woosh_robot_demo/share/woosh_robot_demo/cmake/woosh_robot_demoConfig-version.cmake
[16.045s] -- Installing: /home/wayne/workspace/woosh_robot_demo/install/woosh_robot_demo/share/woosh_robot_demo/package.xml
[16.046s] Invoked command in '/home/wayne/workspace/woosh_robot_demo/build/woosh_robot_demo' returned '0': CMAKE_PREFIX_PATH=${CMAKE_PREFIX_PATH}:/opt/ros/jazzy /usr/bin/cmake --install /home/wayne/workspace/woosh_robot_demo/build/woosh_robot_demo
